<?xml version="1.0" encoding="UTF-8" ?>
<testsuite tests="4" failures="0" name="com.ifpe.dsc.indebate.testes.PoliticoTeste" time="0.067" errors="0" skipped="0">
  <properties>
[...]
</properties>
  <testcase classname="com.ifpe.dsc.indebate.testes.PoliticoTeste" name="persistirPolitico" time="0.017"/>
  <testcase classname="com.ifpe.dsc.indebate.testes.PoliticoTeste" name="atualizarPolitico" time="0.02"/>
  <testcase classname="com.ifpe.dsc.indebate.testes.PoliticoTeste" name="deletarPolitico" time="0.012"/>
  <testcase classname="com.ifpe.dsc.indebate.testes.PoliticoTeste" name="atualizarPoliticoMerge" time="0.018"/>
</testsuite>